###############################################################################
#                                                                             #
# IAR C/C++ Compiler V1.30.1.50036 for STM8             08/Aug/2013  20:14:33 #
# Copyright 2010-2011 IAR Systems AB.                                         #
#                                                                             #
#    Source file  =  C:\Users\Administrator\Desktop\stm8s105k-controller\Libr #
#                    aries\STM8S_StdPeriph_Driver\src\stm8s_rst.c             #
#    Command line =  C:\Users\Administrator\Desktop\stm8s105k-controller\Libr #
#                    aries\STM8S_StdPeriph_Driver\src\stm8s_rst.c -e -Ohz     #
#                    --debug --code_model medium --data_model medium -o       #
#                    C:\Users\Administrator\Desktop\stm8s105k-controller\Proj #
#                    ect\STM8S_StdPeriph_Template\EWSTM8\STM8S105\Obj\        #
#                    --dlib_config "C:\Program Files (x86)\IAR                #
#                    Systems\Embedded Workbench 6.0\stm8\LIB\dlstm8mmf.h" -D  #
#                    STM8S105 -lC C:\Users\Administrator\Desktop\stm8s105k-co #
#                    ntroller\Project\STM8S_StdPeriph_Template\EWSTM8\STM8S10 #
#                    5\List\ -lA C:\Users\Administrator\Desktop\stm8s105k-con #
#                    troller\Project\STM8S_StdPeriph_Template\EWSTM8\STM8S105 #
#                    \List\ -I C:\Users\Administrator\Desktop\stm8s105k-contr #
#                    oller\Project\STM8S_StdPeriph_Template\EWSTM8\..\ -I     #
#                    C:\Users\Administrator\Desktop\stm8s105k-controller\Proj #
#                    ect\STM8S_StdPeriph_Template\EWSTM8\..\..\..\Libraries\S #
#                    TM8S_StdPeriph_Driver\inc\ --vregs 16                    #
#    List file    =  C:\Users\Administrator\Desktop\stm8s105k-controller\Proj #
#                    ect\STM8S_StdPeriph_Template\EWSTM8\STM8S105\List\stm8s_ #
#                    rst.lst                                                  #
#    Object file  =  C:\Users\Administrator\Desktop\stm8s105k-controller\Proj #
#                    ect\STM8S_StdPeriph_Template\EWSTM8\STM8S105\Obj\stm8s_r #
#                    st.o                                                     #
#                                                                             #
#                                                                             #
###############################################################################

C:\Users\Administrator\Desktop\stm8s105k-controller\Libraries\STM8S_StdPeriph_Driver\src\stm8s_rst.c
      1          /**
      2            ******************************************************************************
      3            * @file    stm8s_rst.c
      4            * @author  MCD Application Team
      5            * @version V2.1.0
      6            * @date    18-November-2011
      7            * @brief   This file contains all the functions for the RST peripheral.
      8            ******************************************************************************
      9            * @attention
     10            *
     11            * THE PRESENT FIRMWARE WHICH IS FOR GUIDANCE ONLY AIMS AT PROVIDING CUSTOMERS
     12            * WITH CODING INFORMATION REGARDING THEIR PRODUCTS IN ORDER FOR THEM TO SAVE
     13            * TIME. AS A RESULT, STMICROELECTRONICS SHALL NOT BE HELD LIABLE FOR ANY
     14            * DIRECT, INDIRECT OR CONSEQUENTIAL DAMAGES WITH RESPECT TO ANY CLAIMS ARISING
     15            * FROM THE CONTENT OF SUCH FIRMWARE AND/OR THE USE MADE BY CUSTOMERS OF THE
     16            * CODING INFORMATION CONTAINED HEREIN IN CONNECTION WITH THEIR PRODUCTS.
     17            *
     18            * <h2><center>&copy; COPYRIGHT 2011 STMicroelectronics</center></h2>
     19            ******************************************************************************
     20            */
     21          
     22          /* Includes ------------------------------------------------------------------*/
     23          
     24          #include "stm8s_rst.h"
     25          
     26          /** @addtogroup STM8S_StdPeriph_Driver
     27            * @{
     28            */
     29          /* Private typedef -----------------------------------------------------------*/
     30          /* Private define ------------------------------------------------------------*/
     31          /* Private macro -------------------------------------------------------------*/
     32          /* Private variables ---------------------------------------------------------*/
     33          /* Private function prototypes -----------------------------------------------*/
     34          /* Private Constants ---------------------------------------------------------*/
     35          /* Public functions ----------------------------------------------------------*/
     36          /**
     37            * @addtogroup RST_Public_Functions
     38            * @{
     39            */
     40          
     41          
     42          /**
     43            * @brief   Checks whether the specified RST flag is set or not.
     44            * @param   RST_Flag : specify the reset flag to check.
     45            *          This parameter can be a value of @ref RST_FLAG_TypeDef.
     46            * @retval  FlagStatus: status of the given RST flag.
     47            */

   \                                 In section .far_func.text, align 1
     48          FlagStatus RST_GetFlagStatus(RST_Flag_TypeDef RST_Flag)
     49          {
   \                     RST_GetFlagStatus:
   \   000000 3B0000                PUSH      S:?b8
   \   000003 B700                  LD        S:?b8, A
     50              /* Check the parameters */
     51              assert_param(IS_RST_FLAG_OK(RST_Flag));
   \   000005 A110                  CP        A, #0x10
   \   000007 2717                  JREQ      L:??CrossCallReturnLabel_0
   \   000009 A108                  CP        A, #0x8
   \   00000B 2713                  JREQ      L:??CrossCallReturnLabel_0
   \   00000D A104                  CP        A, #0x4
   \   00000F 270F                  JREQ      L:??CrossCallReturnLabel_0
   \   000011 A102                  CP        A, #0x2
   \   000013 270B                  JREQ      L:??CrossCallReturnLabel_0
   \   000015 A101                  CP        A, #0x1
   \   000017 2707                  JREQ      L:??CrossCallReturnLabel_0
   \   000019 AE0033                LDW       X, #0x33
   \   00001C 8D000000              CALLF     ?Subroutine0
     52          
     53              /* Get flag status */
     54          
     55              return ((FlagStatus)((uint8_t)RST->SR & (uint8_t)RST_Flag));
   \                     ??CrossCallReturnLabel_0:
   \   000020 B600                  LD        A, S:?b8
   \   000022 C450B3                AND       A, L:0x50b3
   \   000025 320000                POP       S:?b8
   \   000028 87                    RETF
     56          }

   \                                 In section .far_func.text, align 1
   \                     ?Subroutine0:
   \   000000 BF00                  LDW       S:?w1, X
   \   000002 5F                    CLRW      X
   \   000003 BF00                  LDW       S:?w0, X
   \   000005 AE0000                LDW       X, #`?<Constant "C:\\\\Users\\\\Administrato...">`
   \   000008 AC000000              JPF       assert_failed
     57          
     58          /**
     59            * @brief  Clears the specified RST flag.
     60            * @param  RST_Flag : specify the reset flag to clear.
     61            *         This parameter can be a value of @ref RST_FLAG_TypeDef.
     62            * @retval None
     63            */

   \                                 In section .far_func.text, align 1
     64          void RST_ClearFlag(RST_Flag_TypeDef RST_Flag)
     65          {
   \                     RST_ClearFlag:
   \   000000 3B0000                PUSH      S:?b8
   \   000003 B700                  LD        S:?b8, A
     66              /* Check the parameters */
     67              assert_param(IS_RST_FLAG_OK(RST_Flag));
   \   000005 A110                  CP        A, #0x10
   \   000007 2717                  JREQ      L:??CrossCallReturnLabel_1
   \   000009 A108                  CP        A, #0x8
   \   00000B 2713                  JREQ      L:??CrossCallReturnLabel_1
   \   00000D A104                  CP        A, #0x4
   \   00000F 270F                  JREQ      L:??CrossCallReturnLabel_1
   \   000011 A102                  CP        A, #0x2
   \   000013 270B                  JREQ      L:??CrossCallReturnLabel_1
   \   000015 A101                  CP        A, #0x1
   \   000017 2707                  JREQ      L:??CrossCallReturnLabel_1
   \   000019 AE0043                LDW       X, #0x43
   \   00001C 8D000000              CALLF     ?Subroutine0
     68          
     69              RST->SR = (uint8_t)RST_Flag;
   \                     ??CrossCallReturnLabel_1:
   \   000020 B600                  LD        A, S:?b8
   \   000022 C750B3                LD        L:0x50b3, A
     70          }
   \   000025 320000                POP       S:?b8
   \   000028 87                    RETF

   \                                 In section .near.rodata, align 1
   \                     `?<Constant "C:\\\\Users\\\\Administrato...">`:
   \   000000 433A5C557365          DC8 43H, 3AH, 5CH, 55H, 73H, 65H, 72H, 73H
   \   000008 5C41646D696E          DC8 5CH, 41H, 64H, 6DH, 69H, 6EH, 69H, 73H
   \   000010 747261746F72          DC8 74H, 72H, 61H, 74H, 6FH, 72H, 5CH, 44H
   \   000018 65736B746F70          DC8 65H, 73H, 6BH, 74H, 6FH, 70H, 5CH, 73H
   \   000020 746D38733130          DC8 74H, 6DH, 38H, 73H, 31H, 30H, 35H, 6BH
   \   000028 2D636F6E7472          DC8 2DH, 63H, 6FH, 6EH, 74H, 72H, 6FH, 6CH
   \   000030 6C65725C4C69          DC8 6CH, 65H, 72H, 5CH, 4CH, 69H, 62H, 72H
   \   000038 61726965735C          DC8 61H, 72H, 69H, 65H, 73H, 5CH, 53H, 54H
   \   000040 4D38535F5374          DC8 4DH, 38H, 53H, 5FH, 53H, 74H, 64H, 50H
   \   000048 65726970685F          DC8 65H, 72H, 69H, 70H, 68H, 5FH, 44H, 72H
   \   000050 697665725C73          DC8 69H, 76H, 65H, 72H, 5CH, 73H, 72H, 63H
   \   000058 5C73746D3873          DC8 5CH, 73H, 74H, 6DH, 38H, 73H, 5FH, 72H
   \   000060 73742E6300            DC8 73H, 74H, 2EH, 63H, 0
     71          
     72          /**
     73            * @}
     74            */
     75            
     76          /**
     77            * @}
     78            */
     79            
     80          /******************* (C) COPYRIGHT 2011 STMicroelectronics *****END OF FILE****/

   Section sizes:

     Function/Label                           Bytes
     --------------                           -----
     RST_GetFlagStatus                          41
     ?Subroutine0                               12
     RST_ClearFlag                              41
     ?<Constant "C:\\Users\\Administrato...">  101

 
  94 bytes in section .far_func.text
 101 bytes in section .near.rodata
 
  94 bytes of CODE  memory
 101 bytes of CONST memory

Errors: none
Warnings: none
