###############################################################################
#                                                                             #
# IAR C/C++ Compiler V1.30.1.50036 for STM8             14/Aug/2013  09:25:09 #
# Copyright 2010-2011 IAR Systems AB.                                         #
#                                                                             #
#    Source file  =  C:\Users\Administrator\Desktop\stm8s105k-controller\Libr #
#                    aries\STM8S_StdPeriph_Driver\src\stm8s_iwdg.c            #
#    Command line =  C:\Users\Administrator\Desktop\stm8s105k-controller\Libr #
#                    aries\STM8S_StdPeriph_Driver\src\stm8s_iwdg.c -e -Ohz    #
#                    --debug --code_model medium --data_model medium -o       #
#                    C:\Users\Administrator\Desktop\stm8s105k-controller\Proj #
#                    ect\STM8S_StdPeriph_Template\EWSTM8\STM8S105\Obj\        #
#                    --dlib_config "C:\Program Files (x86)\IAR                #
#                    Systems\Embedded Workbench 6.0\stm8\LIB\dlstm8mmf.h" -D  #
#                    STM8S105 -lC C:\Users\Administrator\Desktop\stm8s105k-co #
#                    ntroller\Project\STM8S_StdPeriph_Template\EWSTM8\STM8S10 #
#                    5\List\ -lA C:\Users\Administrator\Desktop\stm8s105k-con #
#                    troller\Project\STM8S_StdPeriph_Template\EWSTM8\STM8S105 #
#                    \List\ -I C:\Users\Administrator\Desktop\stm8s105k-contr #
#                    oller\Project\STM8S_StdPeriph_Template\EWSTM8\..\ -I     #
#                    C:\Users\Administrator\Desktop\stm8s105k-controller\Proj #
#                    ect\STM8S_StdPeriph_Template\EWSTM8\..\..\..\Libraries\S #
#                    TM8S_StdPeriph_Driver\inc\ --vregs 16                    #
#    List file    =  C:\Users\Administrator\Desktop\stm8s105k-controller\Proj #
#                    ect\STM8S_StdPeriph_Template\EWSTM8\STM8S105\List\stm8s_ #
#                    iwdg.lst                                                 #
#    Object file  =  C:\Users\Administrator\Desktop\stm8s105k-controller\Proj #
#                    ect\STM8S_StdPeriph_Template\EWSTM8\STM8S105\Obj\stm8s_i #
#                    wdg.o                                                    #
#                                                                             #
#                                                                             #
###############################################################################

C:\Users\Administrator\Desktop\stm8s105k-controller\Libraries\STM8S_StdPeriph_Driver\src\stm8s_iwdg.c
      1          /**
      2            ********************************************************************************
      3            * @file    stm8s_iwdg.c
      4            * @author  MCD Application Team
      5            * @version V2.1.0
      6            * @date    18-November-2011
      7            * @brief   This file contains all the functions for the IWDG peripheral.
      8            ******************************************************************************
      9            * @attention
     10            *
     11            * THE PRESENT FIRMWARE WHICH IS FOR GUIDANCE ONLY AIMS AT PROVIDING CUSTOMERS
     12            * WITH CODING INFORMATION REGARDING THEIR PRODUCTS IN ORDER FOR THEM TO SAVE
     13            * TIME. AS A RESULT, STMICROELECTRONICS SHALL NOT BE HELD LIABLE FOR ANY
     14            * DIRECT, INDIRECT OR CONSEQUENTIAL DAMAGES WITH RESPECT TO ANY CLAIMS ARISING
     15            * FROM THE CONTENT OF SUCH FIRMWARE AND/OR THE USE MADE BY CUSTOMERS OF THE
     16            * CODING INFORMATION CONTAINED HEREIN IN CONNECTION WITH THEIR PRODUCTS.
     17            *
     18            * <h2><center>&copy; COPYRIGHT 2011 STMicroelectronics</center></h2>
     19            ******************************************************************************
     20            */
     21          
     22          /* Includes ------------------------------------------------------------------*/
     23          #include "stm8s_iwdg.h"
     24          
     25          /* Private define ------------------------------------------------------------*/
     26          /* Private macro -------------------------------------------------------------*/
     27          /* Private variables ---------------------------------------------------------*/
     28          /* Private function prototypes -----------------------------------------------*/
     29          /* Private functions ---------------------------------------------------------*/
     30          /* Public functions ----------------------------------------------------------*/
     31          
     32          /** @addtogroup IWDG_Public_Functions
     33            * @{
     34            */
     35          
     36          /**
     37            * @brief  Enables or disables write access to Prescaler and Reload registers.
     38            * @param  IWDG_WriteAccess : New state of write access to Prescaler and Reload
     39            *         registers.  This parameter can be a value of @ref IWDG_WriteAccess_TypeDef.
     40            * @retval None
     41            */

   \                                 In section .far_func.text, align 1
     42          void IWDG_WriteAccessCmd(IWDG_WriteAccess_TypeDef IWDG_WriteAccess)
     43          {
   \                     IWDG_WriteAccessCmd:
   \   000000 3B0000                PUSH      S:?b8
   \   000003 B700                  LD        S:?b8, A
     44              /* Check the parameters */
     45              assert_param(IS_IWDG_WRITEACCESS_MODE_OK(IWDG_WriteAccess));
   \   000005 A155                  CP        A, #0x55
   \   000007 270B                  JREQ      L:??CrossCallReturnLabel_0
   \   000009 3D00                  TNZ       S:?b8
   \   00000B 2707                  JREQ      L:??CrossCallReturnLabel_0
   \   00000D AE002D                LDW       X, #0x2d
   \   000010 8D000000              CALLF     ?Subroutine0
     46          
     47              IWDG->KR = (uint8_t)IWDG_WriteAccess; /* Write Access */
   \                     ??CrossCallReturnLabel_0:
   \   000014 B600                  LD        A, S:?b8
   \   000016 C750E0                LD        L:0x50e0, A
     48          }
   \   000019 320000                POP       S:?b8
   \   00001C 87                    RETF

   \                                 In section .far_func.text, align 1
   \                     ?Subroutine0:
   \   000000 BF00                  LDW       S:?w1, X
   \   000002 5F                    CLRW      X
   \   000003 BF00                  LDW       S:?w0, X
   \   000005 AE0000                LDW       X, #`?<Constant "C:\\\\Users\\\\Administrato...">`
   \   000008 AC000000              JPF       assert_failed
     49          
     50          /**
     51            * @brief  Sets IWDG Prescaler value.
     52            * @note   Write access should be enabled
     53            * @param  IWDG_Prescaler : Specifies the IWDG Prescaler value.
     54            *         This parameter can be a value of @ref IWDG_Prescaler_TypeDef.
     55            * @retval None
     56            */

   \                                 In section .far_func.text, align 1
     57          void IWDG_SetPrescaler(IWDG_Prescaler_TypeDef IWDG_Prescaler)
     58          {
   \                     IWDG_SetPrescaler:
   \   000000 3B0000                PUSH      S:?b8
   \   000003 B700                  LD        S:?b8, A
     59              /* Check the parameters */
     60              assert_param(IS_IWDG_PRESCALER_OK(IWDG_Prescaler));
   \   000005 271F                  JREQ      L:??CrossCallReturnLabel_1
   \   000007 A101                  CP        A, #0x1
   \   000009 271B                  JREQ      L:??CrossCallReturnLabel_1
   \   00000B A102                  CP        A, #0x2
   \   00000D 2717                  JREQ      L:??CrossCallReturnLabel_1
   \   00000F A103                  CP        A, #0x3
   \   000011 2713                  JREQ      L:??CrossCallReturnLabel_1
   \   000013 A104                  CP        A, #0x4
   \   000015 270F                  JREQ      L:??CrossCallReturnLabel_1
   \   000017 A105                  CP        A, #0x5
   \   000019 270B                  JREQ      L:??CrossCallReturnLabel_1
   \   00001B A106                  CP        A, #0x6
   \   00001D 2707                  JREQ      L:??CrossCallReturnLabel_1
   \   00001F AE003C                LDW       X, #0x3c
   \   000022 8D000000              CALLF     ?Subroutine0
     61          
     62              IWDG->PR = (uint8_t)IWDG_Prescaler;
   \                     ??CrossCallReturnLabel_1:
   \   000026 B600                  LD        A, S:?b8
   \   000028 C750E1                LD        L:0x50e1, A
     63          }
   \   00002B 320000                POP       S:?b8
   \   00002E 87                    RETF
     64          
     65          /**
     66            * @brief  Sets IWDG Reload value.
     67            * @note   Write access should be enabled
     68            * @param  IWDG_Reload : Reload register value.
     69            *         This parameter must be a number between 0 and 0xFF.
     70            * @retval None
     71            */

   \                                 In section .far_func.text, align 1
     72          void IWDG_SetReload(uint8_t IWDG_Reload)
     73          {
     74              IWDG->RLR = IWDG_Reload;
   \                     IWDG_SetReload:
   \   000000 C750E2                LD        L:0x50e2, A
     75          }
   \   000003 87                    RETF
     76          
     77          /**
     78            * @brief  Reloads IWDG counter
     79            * @note   Write access should be enabled
     80            * @param  None
     81            * @retval None
     82            */

   \                                 In section .far_func.text, align 1
     83          void IWDG_ReloadCounter(void)
     84          {
     85              IWDG->KR = IWDG_KEY_REFRESH;
   \                     IWDG_ReloadCounter:
   \   000000 35AA50E0              MOV       L:0x50e0, #0xaa
     86          }
   \   000004 87                    RETF
     87          
     88          /**
     89            * @brief  Enables IWDG.
     90            * @param  None
     91            * @retval None
     92            */

   \                                 In section .far_func.text, align 1
     93          void IWDG_Enable(void)
     94          {
     95              IWDG->KR = IWDG_KEY_ENABLE;
   \                     IWDG_Enable:
   \   000000 35CC50E0              MOV       L:0x50e0, #0xcc
     96          }
   \   000004 87                    RETF

   \                                 In section .near.rodata, align 1
   \                     `?<Constant "C:\\\\Users\\\\Administrato...">`:
   \   000000 433A5C557365          DC8 43H, 3AH, 5CH, 55H, 73H, 65H, 72H, 73H
   \   000008 5C41646D696E          DC8 5CH, 41H, 64H, 6DH, 69H, 6EH, 69H, 73H
   \   000010 747261746F72          DC8 74H, 72H, 61H, 74H, 6FH, 72H, 5CH, 44H
   \   000018 65736B746F70          DC8 65H, 73H, 6BH, 74H, 6FH, 70H, 5CH, 73H
   \   000020 746D38733130          DC8 74H, 6DH, 38H, 73H, 31H, 30H, 35H, 6BH
   \   000028 2D636F6E7472          DC8 2DH, 63H, 6FH, 6EH, 74H, 72H, 6FH, 6CH
   \   000030 6C65725C4C69          DC8 6CH, 65H, 72H, 5CH, 4CH, 69H, 62H, 72H
   \   000038 61726965735C          DC8 61H, 72H, 69H, 65H, 73H, 5CH, 53H, 54H
   \   000040 4D38535F5374          DC8 4DH, 38H, 53H, 5FH, 53H, 74H, 64H, 50H
   \   000048 65726970685F          DC8 65H, 72H, 69H, 70H, 68H, 5FH, 44H, 72H
   \   000050 697665725C73          DC8 69H, 76H, 65H, 72H, 5CH, 73H, 72H, 63H
   \   000058 5C73746D3873          DC8 5CH, 73H, 74H, 6DH, 38H, 73H, 5FH, 69H
   \   000060 7764672E6300          DC8 77H, 64H, 67H, 2EH, 63H, 0
     97          
     98          /**
     99            * @}
    100            */
    101            
    102          /**
    103            * @}
    104            */
    105            
    106          /******************* (C) COPYRIGHT 2011 STMicroelectronics *****END OF FILE****/

   Section sizes:

     Function/Label                           Bytes
     --------------                           -----
     IWDG_WriteAccessCmd                        29
     ?Subroutine0                               12
     IWDG_SetPrescaler                          47
     IWDG_SetReload                              4
     IWDG_ReloadCounter                          5
     IWDG_Enable                                 5
     ?<Constant "C:\\Users\\Administrato...">  102

 
 102 bytes in section .far_func.text
 102 bytes in section .near.rodata
 
 102 bytes of CODE  memory
 102 bytes of CONST memory

Errors: none
Warnings: none
